<?xml version="1.0" encoding="UTF-8"?>
<!-- Generated by org.testng.reporters.JUnitXMLReporter -->
<testsuite ignored="0" hostname="DESKTOP-PNUJ0D3" failures="0" tests="16" name="Default test" time="27.36" errors="0" timestamp="2021-10-28T15:02:25 IST">
  <testcase classname="flipkart.tests.SearchFlightsTest" name="T11_skipLogin" time="0.856"/>
  <testcase classname="flipkart.tests.SearchFlightsTest" name="T12_gotoTravel" time="0.245"/>
  <testcase classname="flipkart.tests.SearchFlightsTest" name="T13_checkOneWayButtonIsSelected" time="1.266"/>
  <testcase classname="flipkart.tests.SearchFlightsTest" name="T14_checkRoundTripButton" time="0.497"/>
  <testcase classname="flipkart.tests.SearchFlightsTest" name="T15_selectFromCity" time="0.608"/>
  <testcase classname="flipkart.tests.SearchFlightsTest" name="T16_selectToCity" time="0.636"/>
  <testcase classname="flipkart.tests.SearchFlightsTest" name="T17_selectFromDate" time="0.643"/>
  <testcase classname="flipkart.tests.SearchFlightsTest" name="T18_selectToDate" time="0.475"/>
  <testcase classname="flipkart.tests.SearchFlightsTest" name="T19_selectTravellersDetails" time="1.011"/>
  <testcase classname="flipkart.tests.SearchFlightsTest" name="T20_clickOnSerach" time="0.211"/>
  <testcase classname="flipkart.tests.SearchFlightsTest" name="T21_checkNonStopIsNotSelected" time="4.074"/>
  <testcase classname="flipkart.tests.SearchFlightsTest" name="T22_clickNonStop" time="0.347"/>
  <testcase classname="flipkart.tests.SearchFlightsTest" name="T23_printAllPrices" time="2.08"/>
  <testcase classname="flipkart.tests.SearchFlightsTest" name="T24_selectTheLastFlight" time="0.524"/>
  <testcase classname="flipkart.tests.SearchFlightsTest" name="T25_clickBookButton" time="1.99"/>
  <testcase classname="flipkart.tests.SearchFlightsTest" name="T26_orderReview" time="0.322"/>
</testsuite> <!-- Default test -->
