<?xml version="1.0" encoding="UTF-8"?>
<!-- Generated by org.testng.reporters.JUnitXMLReporter -->
<testsuite ignored="0" hostname="DESKTOP-PNUJ0D3" failures="0" tests="16" name="Test" time="39.035" errors="0" timestamp="2021-10-28T15:11:38 IST">
  <testcase classname="flipkart.tests.SearchFlightsTest" name="T11_skipLogin" time="0.745"/>
  <testcase classname="flipkart.tests.SearchFlightsTest" name="T12_gotoTravel" time="0.246"/>
  <testcase classname="flipkart.tests.SearchFlightsTest" name="T13_checkOneWayButtonIsSelected" time="0.692"/>
  <testcase classname="flipkart.tests.SearchFlightsTest" name="T14_checkRoundTripButton" time="0.794"/>
  <testcase classname="flipkart.tests.SearchFlightsTest" name="T15_selectFromCity" time="0.839"/>
  <testcase classname="flipkart.tests.SearchFlightsTest" name="T16_selectToCity" time="0.629"/>
  <testcase classname="flipkart.tests.SearchFlightsTest" name="T17_selectFromDate" time="0.608"/>
  <testcase classname="flipkart.tests.SearchFlightsTest" name="T18_selectToDate" time="0.51"/>
  <testcase classname="flipkart.tests.SearchFlightsTest" name="T19_selectTravellersDetails" time="1.154"/>
  <testcase classname="flipkart.tests.SearchFlightsTest" name="T20_clickOnSerach" time="0.228"/>
  <testcase classname="flipkart.tests.SearchFlightsTest" name="T21_checkNonStopIsNotSelected" time="8.482"/>
  <testcase classname="flipkart.tests.SearchFlightsTest" name="T22_clickNonStop" time="0.394"/>
  <testcase classname="flipkart.tests.SearchFlightsTest" name="T23_printAllPrices" time="0.863"/>
  <testcase classname="flipkart.tests.SearchFlightsTest" name="T24_selectTheLastFlight" time="0.944"/>
  <testcase classname="flipkart.tests.SearchFlightsTest" name="T25_clickBookButton" time="8.699"/>
  <testcase classname="flipkart.tests.SearchFlightsTest" name="T26_orderReview" time="1.086"/>
</testsuite> <!-- Test -->
