<?xml version="1.0" encoding="UTF-8"?>
<!-- Generated by org.testng.reporters.JUnitXMLReporter -->
<testsuite ignored="0" hostname="DESKTOP-PNUJ0D3" failures="0" tests="16" name="Test" time="58.325" errors="0" timestamp="2021-10-31T13:32:29 IST">
  <testcase classname="flipkart.tests.SearchFlightsTest" name="T11_skipLogin" time="1.114"/>
  <testcase classname="flipkart.tests.SearchFlightsTest" name="T12_gotoTravel" time="0.333"/>
  <testcase classname="flipkart.tests.SearchFlightsTest" name="T13_checkOneWayButtonIsSelected" time="1.639"/>
  <testcase classname="flipkart.tests.SearchFlightsTest" name="T14_checkRoundTripButton" time="0.615"/>
  <testcase classname="flipkart.tests.SearchFlightsTest" name="T15_selectFromCity" time="0.965"/>
  <testcase classname="flipkart.tests.SearchFlightsTest" name="T16_selectToCity" time="1.038"/>
  <testcase classname="flipkart.tests.SearchFlightsTest" name="T17_selectFromDate" time="0.852"/>
  <testcase classname="flipkart.tests.SearchFlightsTest" name="T18_selectToDate" time="20.644"/>
  <testcase classname="flipkart.tests.SearchFlightsTest" name="T19_selectTravellersDetails" time="1.493"/>
  <testcase classname="flipkart.tests.SearchFlightsTest" name="T20_clickOnSerach" time="0.274"/>
  <testcase classname="flipkart.tests.SearchFlightsTest" name="T21_checkNonStopIsNotSelected" time="6.915"/>
  <testcase classname="flipkart.tests.SearchFlightsTest" name="T22_clickNonStop" time="0.567"/>
  <testcase classname="flipkart.tests.SearchFlightsTest" name="T23_printAllPrices" time="2.325"/>
  <testcase classname="flipkart.tests.SearchFlightsTest" name="T24_selectTheLastFlight" time="0.684"/>
  <testcase classname="flipkart.tests.SearchFlightsTest" name="T25_clickBookButton" time="2.793"/>
  <testcase classname="flipkart.tests.SearchFlightsTest" name="T26_orderReview" time="0.575"/>
</testsuite> <!-- Test -->
