<?xml version="1.0" encoding="UTF-8"?>
<!-- Generated by org.testng.reporters.JUnitXMLReporter -->
<testsuite ignored="0" hostname="DESKTOP-PNUJ0D3" failures="0" tests="16" name="Test" time="36.33" errors="0" timestamp="2021-10-28T18:08:07 IST">
  <testcase classname="flipkart.tests.SearchFlightsTest" name="T11_skipLogin" time="1.342"/>
  <testcase classname="flipkart.tests.SearchFlightsTest" name="T12_gotoTravel" time="0.411"/>
  <testcase classname="flipkart.tests.SearchFlightsTest" name="T13_checkOneWayButtonIsSelected" time="1.494"/>
  <testcase classname="flipkart.tests.SearchFlightsTest" name="T14_checkRoundTripButton" time="0.574"/>
  <testcase classname="flipkart.tests.SearchFlightsTest" name="T15_selectFromCity" time="0.918"/>
  <testcase classname="flipkart.tests.SearchFlightsTest" name="T16_selectToCity" time="1.047"/>
  <testcase classname="flipkart.tests.SearchFlightsTest" name="T17_selectFromDate" time="0.842"/>
  <testcase classname="flipkart.tests.SearchFlightsTest" name="T18_selectToDate" time="0.672"/>
  <testcase classname="flipkart.tests.SearchFlightsTest" name="T19_selectTravellersDetails" time="1.469"/>
  <testcase classname="flipkart.tests.SearchFlightsTest" name="T20_clickOnSerach" time="0.278"/>
  <testcase classname="flipkart.tests.SearchFlightsTest" name="T21_checkNonStopIsNotSelected" time="5.072"/>
  <testcase classname="flipkart.tests.SearchFlightsTest" name="T22_clickNonStop" time="0.493"/>
  <testcase classname="flipkart.tests.SearchFlightsTest" name="T23_printAllPrices" time="2.359"/>
  <testcase classname="flipkart.tests.SearchFlightsTest" name="T24_selectTheLastFlight" time="0.729"/>
  <testcase classname="flipkart.tests.SearchFlightsTest" name="T25_clickBookButton" time="2.018"/>
  <testcase classname="flipkart.tests.SearchFlightsTest" name="T26_orderReview" time="0.506"/>
</testsuite> <!-- Test -->
