<?xml version="1.0" encoding="UTF-8"?>
<testng-results ignored="0" total="16" passed="16" failed="0" skipped="0">
  <reporter-output>
    <line>
      <![CDATA[isSkipLoginWinodwDisplayed >> true]]>
    </line>
    <line>
      <![CDATA[isOneWaySelected >> true]]>
    </line>
    <line>
      <![CDATA[isNonStopSelected >> true]]>
    </line>
    <line>
      <![CDATA[isOrderReviewSuccess >> true]]>
    </line>
  </reporter-output>
  <suite started-at="2021-10-28T18:07:31 IST" name="Suite" finished-at="2021-10-28T18:08:07 IST" duration-ms="36330">
    <groups>
    </groups>
    <test started-at="2021-10-28T18:07:31 IST" name="Test" finished-at="2021-10-28T18:08:07 IST" duration-ms="36330">
      <class name="flipkart.tests.SearchFlightsTest">
        <test-method is-config="true" signature="applicationLaunch()[pri:0, instance:flipkart.tests.SearchFlightsTest@7e7be63f]" started-at="2021-10-28T18:07:31 IST" name="applicationLaunch" finished-at="2021-10-28T18:07:46 IST" duration-ms="15025" status="PASS">
          <reporter-output>
          </reporter-output>
        </test-method> <!-- applicationLaunch -->
        <test-method signature="T11_skipLogin()[pri:1, instance:flipkart.tests.SearchFlightsTest@7e7be63f]" started-at="2021-10-28T18:07:46 IST" name="T11_skipLogin" finished-at="2021-10-28T18:07:47 IST" duration-ms="1342" status="PASS">
          <reporter-output>
            <line>
              <![CDATA[isSkipLoginWinodwDisplayed >> true]]>
            </line>
          </reporter-output>
        </test-method> <!-- T11_skipLogin -->
        <test-method signature="T12_gotoTravel()[pri:2, instance:flipkart.tests.SearchFlightsTest@7e7be63f]" started-at="2021-10-28T18:07:47 IST" name="T12_gotoTravel" finished-at="2021-10-28T18:07:48 IST" duration-ms="411" status="PASS">
          <reporter-output>
          </reporter-output>
        </test-method> <!-- T12_gotoTravel -->
        <test-method signature="T13_checkOneWayButtonIsSelected()[pri:3, instance:flipkart.tests.SearchFlightsTest@7e7be63f]" started-at="2021-10-28T18:07:48 IST" name="T13_checkOneWayButtonIsSelected" finished-at="2021-10-28T18:07:49 IST" duration-ms="1494" status="PASS">
          <reporter-output>
            <line>
              <![CDATA[isOneWaySelected >> true]]>
            </line>
          </reporter-output>
        </test-method> <!-- T13_checkOneWayButtonIsSelected -->
        <test-method signature="T14_checkRoundTripButton()[pri:4, instance:flipkart.tests.SearchFlightsTest@7e7be63f]" started-at="2021-10-28T18:07:49 IST" name="T14_checkRoundTripButton" finished-at="2021-10-28T18:07:50 IST" duration-ms="574" status="PASS">
          <reporter-output>
          </reporter-output>
        </test-method> <!-- T14_checkRoundTripButton -->
        <test-method signature="T15_selectFromCity(java.lang.String)[pri:5, instance:flipkart.tests.SearchFlightsTest@7e7be63f]" started-at="2021-10-28T18:07:50 IST" name="T15_selectFromCity" finished-at="2021-10-28T18:07:51 IST" duration-ms="918" status="PASS">
          <params>
            <param index="0">
              <value>
                <![CDATA[Kolkata]]>
              </value>
            </param>
          </params>
          <reporter-output>
          </reporter-output>
        </test-method> <!-- T15_selectFromCity -->
        <test-method signature="T16_selectToCity(java.lang.String)[pri:6, instance:flipkart.tests.SearchFlightsTest@7e7be63f]" started-at="2021-10-28T18:07:51 IST" name="T16_selectToCity" finished-at="2021-10-28T18:07:52 IST" duration-ms="1047" status="PASS">
          <params>
            <param index="0">
              <value>
                <![CDATA[Chennai]]>
              </value>
            </param>
          </params>
          <reporter-output>
          </reporter-output>
        </test-method> <!-- T16_selectToCity -->
        <test-method signature="T17_selectFromDate()[pri:7, instance:flipkart.tests.SearchFlightsTest@7e7be63f]" started-at="2021-10-28T18:07:52 IST" name="T17_selectFromDate" finished-at="2021-10-28T18:07:52 IST" duration-ms="842" status="PASS">
          <reporter-output>
          </reporter-output>
        </test-method> <!-- T17_selectFromDate -->
        <test-method signature="T18_selectToDate()[pri:8, instance:flipkart.tests.SearchFlightsTest@7e7be63f]" started-at="2021-10-28T18:07:52 IST" name="T18_selectToDate" finished-at="2021-10-28T18:07:53 IST" duration-ms="672" status="PASS">
          <reporter-output>
          </reporter-output>
        </test-method> <!-- T18_selectToDate -->
        <test-method signature="T19_selectTravellersDetails()[pri:9, instance:flipkart.tests.SearchFlightsTest@7e7be63f]" started-at="2021-10-28T18:07:53 IST" name="T19_selectTravellersDetails" finished-at="2021-10-28T18:07:55 IST" duration-ms="1469" status="PASS">
          <reporter-output>
          </reporter-output>
        </test-method> <!-- T19_selectTravellersDetails -->
        <test-method signature="T20_clickOnSerach()[pri:10, instance:flipkart.tests.SearchFlightsTest@7e7be63f]" started-at="2021-10-28T18:07:55 IST" name="T20_clickOnSerach" finished-at="2021-10-28T18:07:55 IST" duration-ms="278" status="PASS">
          <reporter-output>
          </reporter-output>
        </test-method> <!-- T20_clickOnSerach -->
        <test-method signature="T21_checkNonStopIsNotSelected()[pri:11, instance:flipkart.tests.SearchFlightsTest@7e7be63f]" started-at="2021-10-28T18:07:55 IST" name="T21_checkNonStopIsNotSelected" finished-at="2021-10-28T18:08:00 IST" duration-ms="5072" status="PASS">
          <reporter-output>
            <line>
              <![CDATA[isNonStopSelected >> true]]>
            </line>
          </reporter-output>
        </test-method> <!-- T21_checkNonStopIsNotSelected -->
        <test-method signature="T22_clickNonStop()[pri:12, instance:flipkart.tests.SearchFlightsTest@7e7be63f]" started-at="2021-10-28T18:08:00 IST" name="T22_clickNonStop" finished-at="2021-10-28T18:08:00 IST" duration-ms="493" status="PASS">
          <reporter-output>
          </reporter-output>
        </test-method> <!-- T22_clickNonStop -->
        <test-method signature="T23_printAllPrices()[pri:13, instance:flipkart.tests.SearchFlightsTest@7e7be63f]" started-at="2021-10-28T18:08:00 IST" name="T23_printAllPrices" finished-at="2021-10-28T18:08:03 IST" duration-ms="2359" status="PASS">
          <reporter-output>
          </reporter-output>
        </test-method> <!-- T23_printAllPrices -->
        <test-method signature="T24_selectTheLastFlight()[pri:14, instance:flipkart.tests.SearchFlightsTest@7e7be63f]" started-at="2021-10-28T18:08:03 IST" name="T24_selectTheLastFlight" finished-at="2021-10-28T18:08:04 IST" duration-ms="729" status="PASS">
          <reporter-output>
          </reporter-output>
        </test-method> <!-- T24_selectTheLastFlight -->
        <test-method signature="T25_clickBookButton()[pri:15, instance:flipkart.tests.SearchFlightsTest@7e7be63f]" started-at="2021-10-28T18:08:04 IST" name="T25_clickBookButton" finished-at="2021-10-28T18:08:06 IST" duration-ms="2018" status="PASS">
          <reporter-output>
          </reporter-output>
        </test-method> <!-- T25_clickBookButton -->
        <test-method signature="T26_orderReview()[pri:16, instance:flipkart.tests.SearchFlightsTest@7e7be63f]" started-at="2021-10-28T18:08:06 IST" name="T26_orderReview" finished-at="2021-10-28T18:08:06 IST" duration-ms="506" status="PASS">
          <reporter-output>
            <line>
              <![CDATA[isOrderReviewSuccess >> true]]>
            </line>
          </reporter-output>
        </test-method> <!-- T26_orderReview -->
        <test-method is-config="true" signature="applicationClose()[pri:0, instance:flipkart.tests.SearchFlightsTest@7e7be63f]" started-at="2021-10-28T18:08:06 IST" name="applicationClose" finished-at="2021-10-28T18:08:07 IST" duration-ms="882" status="PASS">
          <reporter-output>
          </reporter-output>
        </test-method> <!-- applicationClose -->
      </class> <!-- flipkart.tests.SearchFlightsTest -->
    </test> <!-- Test -->
  </suite> <!-- Suite -->
</testng-results>
