<?xml version="1.0" encoding="UTF-8"?>
<testsuite xmlns:xsi="http://www.w3.org/2001/XMLSchema-instance" xsi:noNamespaceSchemaLocation="https://maven.apache.org/surefire/maven-surefire-plugin/xsd/surefire-test-report-3.0.xsd" version="3.0" name="TestSuite" time="85.928" tests="16" errors="0" skipped="0" failures="0">
  <properties>
[...]
</properties>
  <testcase name="T11_skipLogin" classname="flipkart.tests.SearchFlightsTest" time="0.554">
    <system-err><![CDATA[SLF4J: Failed to load class "org.slf4j.impl.StaticLoggerBinder".
SLF4J: Defaulting to no-operation (NOP) logger implementation
SLF4J: See http://www.slf4j.org/codes.html#StaticLoggerBinder for further details.
Starting ChromeDriver 95.0.4638.54 (d31a821ec901f68d0d34ccdbaea45b4c86ce543e-refs/branch-heads/4638@{#871}) on port 58141
Only local connections are allowed.
Please see https://chromedriver.chromium.org/security-considerations for suggestions on keeping ChromeDriver safe.
ChromeDriver was started successfully.
Oct 31, 2021 1:07:01 PM org.openqa.selenium.remote.ProtocolHandshake createSession
INFO: Detected dialect: W3C
Oct 31, 2021 1:07:01 PM org.openqa.selenium.devtools.CdpVersionFinder findNearestMatch
INFO: Found exact CDP implementation for version 95
]]></system-err>
  </testcase>
  <testcase name="T12_gotoTravel" classname="flipkart.tests.SearchFlightsTest" time="0.339"/>
  <testcase name="T13_checkOneWayButtonIsSelected" classname="flipkart.tests.SearchFlightsTest" time="1.489"/>
  <testcase name="T14_checkRoundTripButton" classname="flipkart.tests.SearchFlightsTest" time="0.534"/>
  <testcase name="T15_selectFromCity[Kolkata](1)" classname="flipkart.tests.SearchFlightsTest" time="0.994"/>
  <testcase name="T16_selectToCity[Chennai](1)" classname="flipkart.tests.SearchFlightsTest" time="1.013"/>
  <testcase name="T17_selectFromDate" classname="flipkart.tests.SearchFlightsTest" time="0.765"/>
  <testcase name="T18_selectToDate" classname="flipkart.tests.SearchFlightsTest" time="20.535"/>
  <testcase name="T19_selectTravellersDetails" classname="flipkart.tests.SearchFlightsTest" time="1.227"/>
  <testcase name="T20_clickOnSerach" classname="flipkart.tests.SearchFlightsTest" time="0.278"/>
  <testcase name="T21_checkNonStopIsNotSelected" classname="flipkart.tests.SearchFlightsTest" time="8.392"/>
  <testcase name="T22_clickNonStop" classname="flipkart.tests.SearchFlightsTest" time="0.483"/>
  <testcase name="T23_printAllPrices" classname="flipkart.tests.SearchFlightsTest" time="2.572">
    <system-out><![CDATA[____________________________________________
Number of flights from Kolkata -> Chennai : 9

Kolkata -> Chennai : 6397
Kolkata -> Chennai : 6489
Kolkata -> Chennai : 6489
Kolkata -> Chennai : 6489
Kolkata -> Chennai : 6489
Kolkata -> Chennai : 6490
Kolkata -> Chennai : 8287
Kolkata -> Chennai : 8379
Kolkata -> Chennai : 11844
____________________________________________
Number of flights from Chennai -> Kolkata : 3

Chennai -> Kolkata : 2269
Chennai -> Kolkata : 4118
Chennai -> Kolkata : 4213
____________________________________________
]]></system-out>
  </testcase>
  <testcase name="T24_selectTheLastFlight" classname="flipkart.tests.SearchFlightsTest" time="0.628"/>
  <testcase name="T25_clickBookButton" classname="flipkart.tests.SearchFlightsTest" time="3.087"/>
  <testcase name="T26_orderReview" classname="flipkart.tests.SearchFlightsTest" time="0.686"/>
</testsuite>